Base path: /Applications/Unity/Unity.app/Contents
Cmd: initializeCompiler
Cmd: disassembleShader
  api=5 insize=5951 outsize=5951 ok=1
Cmd: disassembleShader
  api=14 insize=3471 outsize=3455 ok=1
Cmd: disassembleShader
  api=5 insize=7263 outsize=7263 ok=1
Cmd: disassembleShader
  api=14 insize=4047 outsize=4031 ok=1
Cmd: disassembleShader
  api=5 insize=7541 outsize=7541 ok=1
Cmd: disassembleShader
  api=14 insize=3566 outsize=3550 ok=1
Cmd: disassembleShader
  api=5 insize=8496 outsize=8496 ok=1
Cmd: disassembleShader
  api=14 insize=4142 outsize=4126 ok=1
Cmd: disassembleShader
  api=14 insize=4142 outsize=4126 ok=1
Cmd: disassembleShader
  api=14 insize=3471 outsize=3455 ok=1
Cmd: disassembleShader
  api=14 insize=3471 outsize=3455 ok=1
Cmd: disassembleShader
  api=5 insize=9198 outsize=9198 ok=1
Cmd: disassembleShader
  api=14 insize=5763 outsize=5747 ok=1
Cmd: disassembleShader
  api=5 insize=7541 outsize=7541 ok=1
Cmd: disassembleShader
  api=14 insize=3566 outsize=3550 ok=1
Cmd: disassembleShader
  api=5 insize=10780 outsize=10780 ok=1
Cmd: disassembleShader
  api=14 insize=5858 outsize=5842 ok=1
Cmd: disassembleShader
  api=5 insize=0 outsize=57 ok=1
Cmd: disassembleShader
  api=14 insize=5781 outsize=5765 ok=1
Cmd: disassembleShader
  api=14 insize=5865 outsize=5849 ok=1
Cmd: disassembleShader
  api=5 insize=0 outsize=57 ok=1
Cmd: disassembleShader
  api=14 insize=7903 outsize=7887 ok=1
Cmd: disassembleShader
  api=14 insize=8042 outsize=8026 ok=1
Cmd: disassembleShader
  api=14 insize=3558 outsize=3542 ok=1
Cmd: disassembleShader
  api=14 insize=3558 outsize=3542 ok=1
Cmd: disassembleShader
  api=5 insize=4325 outsize=4325 ok=1
Cmd: disassembleShader
  api=14 insize=3573 outsize=3557 ok=1
Cmd: disassembleShader
  api=5 insize=5354 outsize=5354 ok=1
Cmd: disassembleShader
  api=5 insize=4895 outsize=4895 ok=1
Cmd: disassembleShader
  api=14 insize=3558 outsize=3542 ok=1
Cmd: disassembleShader
  api=5 insize=4554 outsize=4554 ok=1
Cmd: disassembleShader
  api=14 insize=3573 outsize=3557 ok=1
Cmd: disassembleShader
  api=5 insize=6958 outsize=6958 ok=1
Cmd: disassembleShader
  api=5 insize=7719 outsize=7719 ok=1
Cmd: disassembleShader
  api=14 insize=3653 outsize=3637 ok=1
Cmd: disassembleShader
  api=14 insize=3668 outsize=3652 ok=1
Cmd: disassembleShader
  api=5 insize=6046 outsize=6046 ok=1
Cmd: disassembleShader
  api=14 insize=3668 outsize=3652 ok=1
Cmd: disassembleShader
  api=14 insize=3668 outsize=3652 ok=1
Cmd: disassembleShader
  api=5 insize=6826 outsize=6826 ok=1
Cmd: disassembleShader
  api=5 insize=8916 outsize=8916 ok=1
Cmd: disassembleShader
  api=14 insize=3652 outsize=3636 ok=1
Cmd: disassembleShader
  api=14 insize=3652 outsize=3636 ok=1
Cmd: disassembleShader
  api=14 insize=3652 outsize=3636 ok=1
Cmd: disassembleShader
  api=5 insize=9004 outsize=9004 ok=1
Cmd: disassembleShader
  api=14 insize=3652 outsize=3636 ok=1
Cmd: disassembleShader
  api=5 insize=0 outsize=57 ok=1
Cmd: disassembleShader
  api=5 insize=0 outsize=57 ok=1
Cmd: disassembleShader
  api=14 insize=3612 outsize=3596 ok=1
Cmd: disassembleShader
  api=14 insize=4596 outsize=4580 ok=1
Cmd: disassembleShader
  api=5 insize=0 outsize=57 ok=1
Cmd: disassembleShader
  api=14 insize=4852 outsize=4836 ok=1
Cmd: disassembleShader
  api=14 insize=3867 outsize=3851 ok=1
Cmd: disassembleShader
  api=5 insize=0 outsize=57 ok=1
Cmd: disassembleShader
  api=14 insize=7123 outsize=7107 ok=1
Cmd: disassembleShader
  api=14 insize=7715 outsize=7699 ok=1
Cmd: disassembleShader
  api=5 insize=0 outsize=57 ok=1
Cmd: disassembleShader
  api=14 insize=5738 outsize=5722 ok=1
Cmd: disassembleShader
  api=14 insize=5899 outsize=5883 ok=1
Cmd: disassembleShader
  api=5 insize=0 outsize=57 ok=1
Cmd: disassembleShader
  api=14 insize=6391 outsize=6375 ok=1
Cmd: disassembleShader
  api=14 insize=7116 outsize=7100 ok=1
Cmd: disassembleShader
  api=5 insize=0 outsize=57 ok=1
Cmd: disassembleShader
  api=14 insize=6671 outsize=6655 ok=1
Cmd: disassembleShader
  api=14 insize=7400 outsize=7384 ok=1
Cmd: disassembleShader
  api=14 insize=2921 outsize=2905 ok=1
Cmd: disassembleShader
  api=14 insize=2921 outsize=2905 ok=1
Cmd: disassembleShader
  api=5 insize=974 outsize=974 ok=1
Cmd: disassembleShader
  api=14 insize=1864 outsize=1848 ok=1
Cmd: disassembleShader
  api=14 insize=501 outsize=485 ok=1
Cmd: disassembleShader
  api=5 insize=0 outsize=57 ok=1
Cmd: disassembleShader
  api=14 insize=991 outsize=975 ok=1
Cmd: disassembleShader
  api=14 insize=3471 outsize=3455 ok=1
Cmd: disassembleShader
  api=5 insize=4936 outsize=4936 ok=1
Cmd: disassembleShader
  api=14 insize=4047 outsize=4031 ok=1
Cmd: disassembleShader
  api=5 insize=5007 outsize=5007 ok=1
Cmd: disassembleShader
  api=14 insize=4047 outsize=4031 ok=1
Cmd: disassembleShader
  api=14 insize=4047 outsize=4031 ok=1
Cmd: disassembleShader
  api=14 insize=2435 outsize=2419 ok=1
Cmd: disassembleShader
  api=5 insize=0 outsize=57 ok=1
Cmd: disassembleShader
  api=14 insize=3453 outsize=3437 ok=1
Cmd: disassembleShader
  api=14 insize=3407 outsize=3391 ok=1
Cmd: disassembleShader
  api=14 insize=3597 outsize=3581 ok=1
Cmd: disassembleShader
  api=14 insize=3597 outsize=3581 ok=1
Cmd: disassembleShader
  api=5 insize=6871 outsize=6871 ok=1
Cmd: disassembleShader
  api=14 insize=4983 outsize=4967 ok=1
Cmd: disassembleShader
  api=5 insize=7541 outsize=7541 ok=1
Cmd: disassembleShader
  api=14 insize=3566 outsize=3550 ok=1
Cmd: disassembleShader
  api=5 insize=8845 outsize=8845 ok=1
Cmd: disassembleShader
  api=14 insize=4142 outsize=4126 ok=1
Cmd: disassembleShader
  api=14 insize=3597 outsize=3581 ok=1
Cmd: disassembleShader
  api=5 insize=8702 outsize=8702 ok=1
Cmd: disassembleShader
  api=14 insize=6399 outsize=6383 ok=1
Cmd: disassembleShader
  api=5 insize=7192 outsize=7192 ok=1
Cmd: disassembleShader
  api=14 insize=3566 outsize=3550 ok=1
Cmd: disassembleShader
  api=14 insize=3566 outsize=3550 ok=1
Cmd: disassembleShader
  api=5 insize=10780 outsize=10780 ok=1
Cmd: disassembleShader
  api=14 insize=5858 outsize=5842 ok=1
Cmd: disassembleShader
  api=5 insize=0 outsize=57 ok=1
Cmd: disassembleShader
  api=5 insize=0 outsize=57 ok=1
Cmd: disassembleShader
  api=14 insize=4755 outsize=4739 ok=1
Cmd: disassembleShader
  api=5 insize=0 outsize=57 ok=1
Cmd: disassembleShader
  api=5 insize=0 outsize=57 ok=1
Cmd: disassembleShader
  api=14 insize=8910 outsize=8894 ok=1
Cmd: disassembleShader
  api=5 insize=4766 outsize=4766 ok=1
Cmd: disassembleShader
  api=5 insize=4126 outsize=4126 ok=1
Cmd: disassembleShader
  api=5 insize=4126 outsize=4126 ok=1
Cmd: disassembleShader
  api=5 insize=5105 outsize=5105 ok=1
Cmd: disassembleShader
  api=14 insize=3827 outsize=3811 ok=1
Cmd: disassembleShader
  api=5 insize=4858 outsize=4858 ok=1
Cmd: disassembleShader
  api=14 insize=3827 outsize=3811 ok=1
Cmd: disassembleShader
  api=5 insize=4569 outsize=4569 ok=1
Cmd: disassembleShader
  api=14 insize=3697 outsize=3681 ok=1
Cmd: disassembleShader
  api=5 insize=6004 outsize=6004 ok=1
Cmd: disassembleShader
  api=5 insize=5725 outsize=5725 ok=1
Cmd: disassembleShader
  api=14 insize=3668 outsize=3652 ok=1
Cmd: disassembleShader
  api=5 insize=6259 outsize=6259 ok=1
Cmd: disassembleShader
  api=5 insize=5797 outsize=5797 ok=1
Cmd: disassembleShader
  api=14 insize=3921 outsize=3905 ok=1
Cmd: disassembleShader
  api=5 insize=5889 outsize=5889 ok=1
Cmd: disassembleShader
  api=14 insize=3921 outsize=3905 ok=1
Cmd: disassembleShader
  api=14 insize=3773 outsize=3757 ok=1
Cmd: disassembleShader
  api=5 insize=0 outsize=57 ok=1
Cmd: disassembleShader
  api=14 insize=2951 outsize=2935 ok=1
Cmd: disassembleShader
  api=14 insize=4290 outsize=4274 ok=1
Cmd: disassembleShader
  api=5 insize=0 outsize=57 ok=1
Cmd: disassembleShader
  api=14 insize=4053 outsize=4037 ok=1
Cmd: disassembleShader
  api=14 insize=3712 outsize=3696 ok=1
Cmd: disassembleShader
  api=5 insize=0 outsize=57 ok=1
Cmd: disassembleShader
  api=14 insize=5259 outsize=5243 ok=1
Cmd: disassembleShader
  api=14 insize=5232 outsize=5216 ok=1
Cmd: disassembleShader
  api=5 insize=0 outsize=57 ok=1
Cmd: disassembleShader
  api=14 insize=6405 outsize=6389 ok=1
Cmd: disassembleShader
  api=14 insize=4568 outsize=4552 ok=1
Cmd: disassembleShader
  api=5 insize=0 outsize=57 ok=1
Cmd: disassembleShader
  api=14 insize=4828 outsize=4812 ok=1
Cmd: disassembleShader
  api=5 insize=1400 outsize=1400 ok=1
Cmd: disassembleShader
  api=14 insize=2921 outsize=2905 ok=1
Cmd: disassembleShader
  api=5 insize=974 outsize=974 ok=1
Cmd: disassembleShader
  api=14 insize=1864 outsize=1848 ok=1
Cmd: disassembleShader
  api=14 insize=501 outsize=485 ok=1
Cmd: disassembleShader
  api=5 insize=0 outsize=57 ok=1
Cmd: disassembleShader
  api=14 insize=991 outsize=975 ok=1

Quitting shader compiler process
